[ 2017-08-13T08:36:37+08:00 ] 127.0.0.1 /index.php?s=/home/Index/index.html
SQL: SHOW COLUMNS FROM `onethink_category` [ RunTime:0.008276s ]
SQL: SELECT `id`,`name`,`title`,`pid`,`sort`,`list_row`,`meta_title`,`keywords`,`description`,`template_index`,`template_lists`,`template_detail`,`template_edit`,`model`,`type`,`link_id`,`allow_publish`,`display`,`reply`,`check`,`reply_model`,`extend`,`create_time`,`update_time`,`status`,`icon` FROM `onethink_category` WHERE ( `status` = 1 ) ORDER BY sort  [ RunTime:0.000565s ]
SQL: SHOW COLUMNS FROM `onethink_document` [ RunTime:0.008169s ]
SQL: SELECT `id`,`uid`,`name`,`title`,`category_id`,`description`,`root`,`pid`,`model_id`,`type`,`position`,`link_id`,`cover_id`,`display`,`deadline`,`attach`,`view`,`comment`,`extend`,`level`,`create_time`,`update_time`,`status` FROM `onethink_document` WHERE ( `status` = 1 ) AND ( `pid` = 0 ) AND ( `create_time` < 1502584596 ) AND ( deadline = 0 OR deadline > 1502584596 ) ORDER BY `id` DESC  [ RunTime:0.000825s ]
INFO: [ view_parse ] --START--
INFO: [ template_filter ] --START--
INFO: Run Behavior\ContentReplace [ RunTime:0.000073s ]
INFO: [ template_filter ] --END-- [ RunTime:0.000147s ]
INFO: Run Behavior\ParseTemplate [ RunTime:0.023499s ]
INFO: [ view_parse ] --END-- [ RunTime:0.023569s ]
INFO: [ view_filter ] --START--
INFO: Run Behavior\WriteHtmlCache [ RunTime:0.000720s ]
INFO: [ view_filter ] --END-- [ RunTime:0.000770s ]
INFO: [ app_end ] --START--
INFO: Run Behavior\ShowPageTrace [ RunTime:0.000909s ]
INFO: [ app_end ] --END-- [ RunTime:0.000952s ]

[ 2017-08-13T08:36:40+08:00 ] 127.0.0.1 /index.php?s=/Home/Article/lists/category/Notice.html
SQL: SHOW COLUMNS FROM `onethink_category` [ RunTime:0.007755s ]
SQL: SELECT `id`,`name`,`title`,`pid`,`sort`,`list_row`,`meta_title`,`keywords`,`description`,`template_index`,`template_lists`,`template_detail`,`template_edit`,`model`,`type`,`link_id`,`allow_publish`,`display`,`reply`,`check`,`reply_model`,`extend`,`create_time`,`update_time`,`status`,`icon` FROM `onethink_category` WHERE ( `name` = 'Notice' ) LIMIT 1   [ RunTime:0.001018s ]

[ 2017-08-13T08:39:09+08:00 ] 127.0.0.1 /index.php?s=/Home/Article/lists/category/Notice.html
SQL: SHOW COLUMNS FROM `onethink_category` [ RunTime:0.007359s ]
SQL: SELECT `id`,`name`,`title`,`pid`,`sort`,`list_row`,`meta_title`,`keywords`,`description`,`template_index`,`template_lists`,`template_detail`,`template_edit`,`model`,`type`,`link_id`,`allow_publish`,`display`,`reply`,`check`,`reply_model`,`extend`,`create_time`,`update_time`,`status`,`icon` FROM `onethink_category` WHERE ( `name` = 'Notice' ) LIMIT 1   [ RunTime:0.000393s ]
SQL: SHOW COLUMNS FROM `onethink_document` [ RunTime:0.006825s ]
SQL: SHOW COLUMNS FROM `onethink_picture` [ RunTime:0.007994s ]
SQL: SHOW COLUMNS FROM `onethink_picture` [ RunTime:0.006333s ]
SQL: SELECT `id`,`path`,`url`,`md5`,`sha1`,`status`,`create_time` FROM onethink_picture id,onethink_document cover_id WHERE ( `status` = 1 ) AND ( `create_time` < 1502584749 ) AND ( deadline = 0 OR deadline > 1502584749 ) ORDER BY `id` DESC LIMIT 0,10   [ RunTime:0.000248s ]
ERR: 1052:Column 'id' in field list is ambiguous
 [ SQL语句 ] : SELECT `id`,`path`,`url`,`md5`,`sha1`,`status`,`create_time` FROM onethink_picture id,onethink_document cover_id WHERE ( `status` = 1 ) AND ( `create_time` < 1502584749 ) AND ( deadline = 0 OR deadline > 1502584749 ) ORDER BY `id` DESC LIMIT 0,10  
INFO: [ view_parse ] --START--
INFO: [ template_filter ] --START--
INFO: Run Behavior\ContentReplace [ RunTime:0.000041s ]
INFO: [ template_filter ] --END-- [ RunTime:0.000105s ]
INFO: Run Behavior\ParseTemplate [ RunTime:0.011160s ]
INFO: [ view_parse ] --END-- [ RunTime:0.011219s ]
INFO: [ view_filter ] --START--
INFO: Run Behavior\WriteHtmlCache [ RunTime:0.000433s ]
INFO: [ view_filter ] --END-- [ RunTime:0.000474s ]

[ 2017-08-13T08:39:28+08:00 ] 127.0.0.1 /index.php?s=/Home/Article/lists/category/Notice.html
SQL: SHOW COLUMNS FROM `onethink_category` [ RunTime:0.006451s ]
SQL: SELECT `id`,`name`,`title`,`pid`,`sort`,`list_row`,`meta_title`,`keywords`,`description`,`template_index`,`template_lists`,`template_detail`,`template_edit`,`model`,`type`,`link_id`,`allow_publish`,`display`,`reply`,`check`,`reply_model`,`extend`,`create_time`,`update_time`,`status`,`icon` FROM `onethink_category` WHERE ( `name` = 'Notice' ) LIMIT 1   [ RunTime:0.000605s ]
SQL: SHOW COLUMNS FROM `onethink_document` [ RunTime:0.006120s ]
NOTIC: [2] Missing argument 1 for Think\Model::where(), called in D:\phpStudy\wwwroot\Application\Home\Controller\ArticleController.class.php on line 38 and defined D:\phpStudy\wwwroot\ThinkPHP\Library\Think\Model.class.php 第 1576 行.
NOTIC: [8] Undefined variable: where D:\phpStudy\wwwroot\ThinkPHP\Library\Think\Model.class.php 第 1584 行.
NOTIC: [8] Undefined variable: where D:\phpStudy\wwwroot\ThinkPHP\Library\Think\Model.class.php 第 1587 行.
NOTIC: [8] Undefined variable: where D:\phpStudy\wwwroot\ThinkPHP\Library\Think\Model.class.php 第 1595 行.
NOTIC: [2] Missing argument 1 for Think\Model::field(), called in D:\phpStudy\wwwroot\Application\Home\Controller\ArticleController.class.php on line 38 and defined D:\phpStudy\wwwroot\ThinkPHP\Library\Think\Model.class.php 第 1519 行.
NOTIC: [8] Undefined variable: field D:\phpStudy\wwwroot\ThinkPHP\Library\Think\Model.class.php 第 1520 行.
NOTIC: [8] Undefined variable: field D:\phpStudy\wwwroot\ThinkPHP\Library\Think\Model.class.php 第 1530 行.
SQL: SHOW COLUMNS FROM `onethink_picture` [ RunTime:0.006488s ]

[ 2017-08-13T08:48:37+08:00 ] 127.0.0.1 /index.php?s=/Home/Article/lists/category/Notice.html
SQL: SHOW COLUMNS FROM `onethink_category` [ RunTime:0.006219s ]
SQL: SELECT `id`,`name`,`title`,`pid`,`sort`,`list_row`,`meta_title`,`keywords`,`description`,`template_index`,`template_lists`,`template_detail`,`template_edit`,`model`,`type`,`link_id`,`allow_publish`,`display`,`reply`,`check`,`reply_model`,`extend`,`create_time`,`update_time`,`status`,`icon` FROM `onethink_category` WHERE ( `name` = 'Notice' ) LIMIT 1   [ RunTime:0.000364s ]
SQL: SHOW COLUMNS FROM `onethink_document` [ RunTime:0.006572s ]
NOTIC: [2] Illegal offset type D:\phpStudy\wwwroot\Application\Home\Controller\ArticleController.class.php 第 37 行.
INFO: [ view_parse ] --START--
INFO: [ template_filter ] --START--
INFO: Run Behavior\ContentReplace [ RunTime:0.000052s ]
INFO: [ template_filter ] --END-- [ RunTime:0.000105s ]
INFO: Run Behavior\ParseTemplate [ RunTime:0.022498s ]
INFO: [ view_parse ] --END-- [ RunTime:0.022563s ]
INFO: [ view_filter ] --START--
INFO: Run Behavior\WriteHtmlCache [ RunTime:0.000381s ]
INFO: [ view_filter ] --END-- [ RunTime:0.000418s ]
INFO: [ app_end ] --START--
INFO: Run Behavior\ShowPageTrace [ RunTime:0.000590s ]
INFO: [ app_end ] --END-- [ RunTime:0.000631s ]

[ 2017-08-13T08:48:56+08:00 ] 127.0.0.1 /index.php?s=/Home/Article/lists/category/Notice.html
SQL: SHOW COLUMNS FROM `onethink_category` [ RunTime:0.006483s ]
SQL: SELECT `id`,`name`,`title`,`pid`,`sort`,`list_row`,`meta_title`,`keywords`,`description`,`template_index`,`template_lists`,`template_detail`,`template_edit`,`model`,`type`,`link_id`,`allow_publish`,`display`,`reply`,`check`,`reply_model`,`extend`,`create_time`,`update_time`,`status`,`icon` FROM `onethink_category` WHERE ( `name` = 'Notice' ) LIMIT 1   [ RunTime:0.000361s ]
SQL: SHOW COLUMNS FROM `onethink_document` [ RunTime:0.006197s ]
NOTIC: [2] Illegal offset type D:\phpStudy\wwwroot\Application\Home\Controller\ArticleController.class.php 第 37 行.
SQL: SELECT * FROM `onethink_document` INNER JOIN onethink_picture on onethink_document.cover_id=onethink_picture.id   [ RunTime:0.000533s ]
INFO: [ view_parse ] --START--
INFO: [ template_filter ] --START--
INFO: Run Behavior\ContentReplace [ RunTime:0.000059s ]
INFO: [ template_filter ] --END-- [ RunTime:0.000117s ]
INFO: Run Behavior\ParseTemplate [ RunTime:0.008583s ]
INFO: [ view_parse ] --END-- [ RunTime:0.008656s ]
INFO: [ view_filter ] --START--
INFO: Run Behavior\WriteHtmlCache [ RunTime:0.000302s ]
INFO: [ view_filter ] --END-- [ RunTime:0.000341s ]
INFO: [ app_end ] --START--
INFO: Run Behavior\ShowPageTrace [ RunTime:0.000492s ]
INFO: [ app_end ] --END-- [ RunTime:0.000538s ]

[ 2017-08-13T08:49:24+08:00 ] 127.0.0.1 /index.php?s=/Home/Article/lists/category/Notice.html
SQL: SHOW COLUMNS FROM `onethink_category` [ RunTime:0.006715s ]
SQL: SELECT `id`,`name`,`title`,`pid`,`sort`,`list_row`,`meta_title`,`keywords`,`description`,`template_index`,`template_lists`,`template_detail`,`template_edit`,`model`,`type`,`link_id`,`allow_publish`,`display`,`reply`,`check`,`reply_model`,`extend`,`create_time`,`update_time`,`status`,`icon` FROM `onethink_category` WHERE ( `name` = 'Notice' ) LIMIT 1   [ RunTime:0.000365s ]
SQL: SHOW COLUMNS FROM `onethink_document` [ RunTime:0.006541s ]
NOTIC: [2] Illegal offset type D:\phpStudy\wwwroot\Application\Home\Controller\ArticleController.class.php 第 37 行.
SQL: SELECT * FROM `onethink_document` INNER JOIN onethink_picture on onethink_document.cover_id=onethink_picture.id   [ RunTime:0.000403s ]
INFO: [ view_parse ] --START--
INFO: [ template_filter ] --START--
INFO: Run Behavior\ContentReplace [ RunTime:0.000054s ]
INFO: [ template_filter ] --END-- [ RunTime:0.000107s ]
INFO: Run Behavior\ParseTemplate [ RunTime:0.008390s ]
INFO: [ view_parse ] --END-- [ RunTime:0.008455s ]
INFO: [ view_filter ] --START--
INFO: Run Behavior\WriteHtmlCache [ RunTime:0.000499s ]
INFO: [ view_filter ] --END-- [ RunTime:0.000549s ]
INFO: [ app_end ] --START--
INFO: Run Behavior\ShowPageTrace [ RunTime:0.000568s ]
INFO: [ app_end ] --END-- [ RunTime:0.000615s ]

[ 2017-08-13T08:50:09+08:00 ] 127.0.0.1 /index.php?s=/Home/Article/lists/category/Notice.html
SQL: SHOW COLUMNS FROM `onethink_category` [ RunTime:0.006140s ]
SQL: SELECT `id`,`name`,`title`,`pid`,`sort`,`list_row`,`meta_title`,`keywords`,`description`,`template_index`,`template_lists`,`template_detail`,`template_edit`,`model`,`type`,`link_id`,`allow_publish`,`display`,`reply`,`check`,`reply_model`,`extend`,`create_time`,`update_time`,`status`,`icon` FROM `onethink_category` WHERE ( `name` = 'Notice' ) LIMIT 1   [ RunTime:0.000351s ]
SQL: SHOW COLUMNS FROM `onethink_document` [ RunTime:0.005932s ]
NOTIC: [2] Illegal offset type D:\phpStudy\wwwroot\Application\Home\Controller\ArticleController.class.php 第 37 行.

[ 2017-08-13T08:50:51+08:00 ] 127.0.0.1 /index.php?s=/Home/Article/lists/category/Notice.html
SQL: SHOW COLUMNS FROM `onethink_category` [ RunTime:0.006455s ]
SQL: SELECT `id`,`name`,`title`,`pid`,`sort`,`list_row`,`meta_title`,`keywords`,`description`,`template_index`,`template_lists`,`template_detail`,`template_edit`,`model`,`type`,`link_id`,`allow_publish`,`display`,`reply`,`check`,`reply_model`,`extend`,`create_time`,`update_time`,`status`,`icon` FROM `onethink_category` WHERE ( `name` = 'Notice' ) LIMIT 1   [ RunTime:0.000351s ]
SQL: SHOW COLUMNS FROM `onethink_document` [ RunTime:0.006378s ]
NOTIC: [2] Illegal offset type D:\phpStudy\wwwroot\Application\Home\Controller\ArticleController.class.php 第 37 行.
INFO: [ view_parse ] --START--
INFO: [ template_filter ] --START--
INFO: Run Behavior\ContentReplace [ RunTime:0.000052s ]
INFO: [ template_filter ] --END-- [ RunTime:0.000105s ]
INFO: Run Behavior\ParseTemplate [ RunTime:0.010027s ]
INFO: [ view_parse ] --END-- [ RunTime:0.010106s ]
INFO: [ view_filter ] --START--
INFO: Run Behavior\WriteHtmlCache [ RunTime:0.000422s ]
INFO: [ view_filter ] --END-- [ RunTime:0.000481s ]
INFO: [ app_end ] --START--
INFO: Run Behavior\ShowPageTrace [ RunTime:0.000638s ]
INFO: [ app_end ] --END-- [ RunTime:0.000684s ]

[ 2017-08-13T08:50:57+08:00 ] 127.0.0.1 /index.php?s=/Home/Article/lists/category/Notice.html
SQL: SHOW COLUMNS FROM `onethink_category` [ RunTime:0.006411s ]
SQL: SELECT `id`,`name`,`title`,`pid`,`sort`,`list_row`,`meta_title`,`keywords`,`description`,`template_index`,`template_lists`,`template_detail`,`template_edit`,`model`,`type`,`link_id`,`allow_publish`,`display`,`reply`,`check`,`reply_model`,`extend`,`create_time`,`update_time`,`status`,`icon` FROM `onethink_category` WHERE ( `name` = 'Notice' ) LIMIT 1   [ RunTime:0.000368s ]
SQL: SHOW COLUMNS FROM `onethink_document` [ RunTime:0.006256s ]
NOTIC: [2] Illegal offset type D:\phpStudy\wwwroot\Application\Home\Controller\ArticleController.class.php 第 37 行.
SQL: SELECT * FROM `onethink_document` INNER JOIN onethink_picture on onethink_document.cover_id=onethink_picture.id   [ RunTime:0.000402s ]
INFO: [ view_parse ] --START--
INFO: [ template_filter ] --START--
INFO: Run Behavior\ContentReplace [ RunTime:0.000054s ]
INFO: [ template_filter ] --END-- [ RunTime:0.000107s ]
INFO: Run Behavior\ParseTemplate [ RunTime:0.007906s ]
INFO: [ view_parse ] --END-- [ RunTime:0.007957s ]
INFO: [ view_filter ] --START--
INFO: Run Behavior\WriteHtmlCache [ RunTime:0.000282s ]
INFO: [ view_filter ] --END-- [ RunTime:0.000318s ]
INFO: [ app_end ] --START--
INFO: Run Behavior\ShowPageTrace [ RunTime:0.000484s ]
INFO: [ app_end ] --END-- [ RunTime:0.000527s ]

[ 2017-08-13T08:51:31+08:00 ] 127.0.0.1 /index.php?s=/Home/Article/lists/category/Notice.html
SQL: SHOW COLUMNS FROM `onethink_category` [ RunTime:0.006133s ]
SQL: SELECT `id`,`name`,`title`,`pid`,`sort`,`list_row`,`meta_title`,`keywords`,`description`,`template_index`,`template_lists`,`template_detail`,`template_edit`,`model`,`type`,`link_id`,`allow_publish`,`display`,`reply`,`check`,`reply_model`,`extend`,`create_time`,`update_time`,`status`,`icon` FROM `onethink_category` WHERE ( `name` = 'Notice' ) LIMIT 1   [ RunTime:0.000345s ]
SQL: SHOW COLUMNS FROM `onethink_document` [ RunTime:0.006410s ]
NOTIC: [2] Illegal offset type D:\phpStudy\wwwroot\Application\Home\Controller\ArticleController.class.php 第 37 行.
SQL: SELECT * FROM `onethink_document` INNER JOIN onethink_picture on onethink_document.cover_id=onethink_picture.id   [ RunTime:0.000386s ]
INFO: [ view_parse ] --START--
INFO: [ template_filter ] --START--
INFO: Run Behavior\ContentReplace [ RunTime:0.000053s ]
INFO: [ template_filter ] --END-- [ RunTime:0.000104s ]
INFO: Run Behavior\ParseTemplate [ RunTime:0.007750s ]
INFO: [ view_parse ] --END-- [ RunTime:0.007804s ]
INFO: [ view_filter ] --START--
INFO: Run Behavior\WriteHtmlCache [ RunTime:0.000276s ]
INFO: [ view_filter ] --END-- [ RunTime:0.000315s ]
INFO: [ app_end ] --START--
INFO: Run Behavior\ShowPageTrace [ RunTime:0.000481s ]
INFO: [ app_end ] --END-- [ RunTime:0.000526s ]

[ 2017-08-13T08:53:10+08:00 ] 127.0.0.1 /index.php?s=/Home/Article/lists/category/Notice.html
SQL: SHOW COLUMNS FROM `onethink_category` [ RunTime:0.006424s ]
SQL: SELECT `id`,`name`,`title`,`pid`,`sort`,`list_row`,`meta_title`,`keywords`,`description`,`template_index`,`template_lists`,`template_detail`,`template_edit`,`model`,`type`,`link_id`,`allow_publish`,`display`,`reply`,`check`,`reply_model`,`extend`,`create_time`,`update_time`,`status`,`icon` FROM `onethink_category` WHERE ( `name` = 'Notice' ) LIMIT 1   [ RunTime:0.000390s ]
SQL: SHOW COLUMNS FROM `onethink_document` [ RunTime:0.006481s ]
NOTIC: [2] Illegal offset type D:\phpStudy\wwwroot\Application\Home\Controller\ArticleController.class.php 第 37 行.
SQL: SELECT `path` FROM `onethink_document` INNER JOIN onethink_picture on onethink_document.cover_id=onethink_picture.id   [ RunTime:0.000302s ]
INFO: [ view_parse ] --START--
INFO: [ template_filter ] --START--
INFO: Run Behavior\ContentReplace [ RunTime:0.000054s ]
INFO: [ template_filter ] --END-- [ RunTime:0.000108s ]
NOTIC: [8] Undefined index: id D:\phpStudy\wwwroot\Runtime\Cache\Home\9a9e4227b3c0b552fe0f4e7e528d8737.php 第 37 行.
NOTIC: [8] Undefined index: title D:\phpStudy\wwwroot\Runtime\Cache\Home\9a9e4227b3c0b552fe0f4e7e528d8737.php 第 37 行.
NOTIC: [8] Undefined index: create_time D:\phpStudy\wwwroot\Runtime\Cache\Home\9a9e4227b3c0b552fe0f4e7e528d8737.php 第 37 行.
NOTIC: [8] Undefined index: description D:\phpStudy\wwwroot\Runtime\Cache\Home\9a9e4227b3c0b552fe0f4e7e528d8737.php 第 39 行.
NOTIC: [8] Undefined index: view D:\phpStudy\wwwroot\Runtime\Cache\Home\9a9e4227b3c0b552fe0f4e7e528d8737.php 第 41 行.
NOTIC: [8] Undefined index: id D:\phpStudy\wwwroot\Runtime\Cache\Home\9a9e4227b3c0b552fe0f4e7e528d8737.php 第 37 行.
NOTIC: [8] Undefined index: title D:\phpStudy\wwwroot\Runtime\Cache\Home\9a9e4227b3c0b552fe0f4e7e528d8737.php 第 37 行.
NOTIC: [8] Undefined index: create_time D:\phpStudy\wwwroot\Runtime\Cache\Home\9a9e4227b3c0b552fe0f4e7e528d8737.php 第 37 行.
NOTIC: [8] Undefined index: description D:\phpStudy\wwwroot\Runtime\Cache\Home\9a9e4227b3c0b552fe0f4e7e528d8737.php 第 39 行.
NOTIC: [8] Undefined index: view D:\phpStudy\wwwroot\Runtime\Cache\Home\9a9e4227b3c0b552fe0f4e7e528d8737.php 第 41 行.
INFO: Run Behavior\ParseTemplate [ RunTime:0.009819s ]
INFO: [ view_parse ] --END-- [ RunTime:0.009868s ]
INFO: [ view_filter ] --START--
INFO: Run Behavior\WriteHtmlCache [ RunTime:0.000415s ]
INFO: [ view_filter ] --END-- [ RunTime:0.000458s ]
INFO: [ app_end ] --START--
INFO: Run Behavior\ShowPageTrace [ RunTime:0.000607s ]
INFO: [ app_end ] --END-- [ RunTime:0.000651s ]

[ 2017-08-13T08:53:14+08:00 ] 127.0.0.1 /index.php?s=/Home/Article/lists/category/Notice.html
SQL: SHOW COLUMNS FROM `onethink_category` [ RunTime:0.006193s ]
SQL: SELECT `id`,`name`,`title`,`pid`,`sort`,`list_row`,`meta_title`,`keywords`,`description`,`template_index`,`template_lists`,`template_detail`,`template_edit`,`model`,`type`,`link_id`,`allow_publish`,`display`,`reply`,`check`,`reply_model`,`extend`,`create_time`,`update_time`,`status`,`icon` FROM `onethink_category` WHERE ( `name` = 'Notice' ) LIMIT 1   [ RunTime:0.000363s ]
SQL: SHOW COLUMNS FROM `onethink_document` [ RunTime:0.006444s ]
NOTIC: [2] Illegal offset type D:\phpStudy\wwwroot\Application\Home\Controller\ArticleController.class.php 第 37 行.
SQL: SELECT `path` FROM `onethink_document` INNER JOIN onethink_picture on onethink_document.cover_id=onethink_picture.id   [ RunTime:0.000305s ]
INFO: [ view_parse ] --START--
INFO: [ template_filter ] --START--
INFO: Run Behavior\ContentReplace [ RunTime:0.000053s ]
INFO: [ template_filter ] --END-- [ RunTime:0.000107s ]
NOTIC: [8] Undefined index: id D:\phpStudy\wwwroot\Runtime\Cache\Home\9a9e4227b3c0b552fe0f4e7e528d8737.php 第 37 行.
NOTIC: [8] Undefined index: title D:\phpStudy\wwwroot\Runtime\Cache\Home\9a9e4227b3c0b552fe0f4e7e528d8737.php 第 37 行.
NOTIC: [8] Undefined index: create_time D:\phpStudy\wwwroot\Runtime\Cache\Home\9a9e4227b3c0b552fe0f4e7e528d8737.php 第 37 行.
NOTIC: [8] Undefined index: description D:\phpStudy\wwwroot\Runtime\Cache\Home\9a9e4227b3c0b552fe0f4e7e528d8737.php 第 39 行.
NOTIC: [8] Undefined index: view D:\phpStudy\wwwroot\Runtime\Cache\Home\9a9e4227b3c0b552fe0f4e7e528d8737.php 第 41 行.
NOTIC: [8] Undefined index: id D:\phpStudy\wwwroot\Runtime\Cache\Home\9a9e4227b3c0b552fe0f4e7e528d8737.php 第 37 行.
NOTIC: [8] Undefined index: title D:\phpStudy\wwwroot\Runtime\Cache\Home\9a9e4227b3c0b552fe0f4e7e528d8737.php 第 37 行.
NOTIC: [8] Undefined index: create_time D:\phpStudy\wwwroot\Runtime\Cache\Home\9a9e4227b3c0b552fe0f4e7e528d8737.php 第 37 行.
NOTIC: [8] Undefined index: description D:\phpStudy\wwwroot\Runtime\Cache\Home\9a9e4227b3c0b552fe0f4e7e528d8737.php 第 39 行.
NOTIC: [8] Undefined index: view D:\phpStudy\wwwroot\Runtime\Cache\Home\9a9e4227b3c0b552fe0f4e7e528d8737.php 第 41 行.
INFO: Run Behavior\ParseTemplate [ RunTime:0.008105s ]
INFO: [ view_parse ] --END-- [ RunTime:0.008150s ]
INFO: [ view_filter ] --START--
INFO: Run Behavior\WriteHtmlCache [ RunTime:0.000327s ]
INFO: [ view_filter ] --END-- [ RunTime:0.000367s ]
INFO: [ app_end ] --START--
INFO: Run Behavior\ShowPageTrace [ RunTime:0.000557s ]
INFO: [ app_end ] --END-- [ RunTime:0.000609s ]

[ 2017-08-13T08:53:38+08:00 ] 127.0.0.1 /index.php?s=/Home/Article/lists/category/Notice.html
SQL: SHOW COLUMNS FROM `onethink_category` [ RunTime:0.006283s ]
SQL: SELECT `id`,`name`,`title`,`pid`,`sort`,`list_row`,`meta_title`,`keywords`,`description`,`template_index`,`template_lists`,`template_detail`,`template_edit`,`model`,`type`,`link_id`,`allow_publish`,`display`,`reply`,`check`,`reply_model`,`extend`,`create_time`,`update_time`,`status`,`icon` FROM `onethink_category` WHERE ( `name` = 'Notice' ) LIMIT 1   [ RunTime:0.000361s ]
SQL: SHOW COLUMNS FROM `onethink_document` [ RunTime:0.006355s ]
NOTIC: [2] Illegal offset type D:\phpStudy\wwwroot\Application\Home\Controller\ArticleController.class.php 第 37 行.

[ 2017-08-13T08:55:24+08:00 ] 127.0.0.1 /index.php?s=/home/Index/index.html
SQL: SHOW COLUMNS FROM `onethink_category` [ RunTime:0.007263s ]
SQL: SELECT `id`,`name`,`title`,`pid`,`sort`,`list_row`,`meta_title`,`keywords`,`description`,`template_index`,`template_lists`,`template_detail`,`template_edit`,`model`,`type`,`link_id`,`allow_publish`,`display`,`reply`,`check`,`reply_model`,`extend`,`create_time`,`update_time`,`status`,`icon` FROM `onethink_category` WHERE ( `status` = 1 ) ORDER BY sort  [ RunTime:0.000411s ]
SQL: SHOW COLUMNS FROM `onethink_document` [ RunTime:0.006645s ]
SQL: SELECT `id`,`uid`,`name`,`title`,`category_id`,`description`,`root`,`pid`,`model_id`,`type`,`position`,`link_id`,`cover_id`,`display`,`deadline`,`attach`,`view`,`comment`,`extend`,`level`,`create_time`,`update_time`,`status` FROM `onethink_document` WHERE ( `status` = 1 ) AND ( `pid` = 0 ) AND ( `create_time` < 1502585723 ) AND ( deadline = 0 OR deadline > 1502585723 ) ORDER BY `id` DESC  [ RunTime:0.000488s ]
INFO: [ view_parse ] --START--
INFO: [ template_filter ] --START--
INFO: Run Behavior\ContentReplace [ RunTime:0.000062s ]
INFO: [ template_filter ] --END-- [ RunTime:0.000122s ]
INFO: Run Behavior\ParseTemplate [ RunTime:0.026753s ]
INFO: [ view_parse ] --END-- [ RunTime:0.026822s ]
INFO: [ view_filter ] --START--
INFO: Run Behavior\WriteHtmlCache [ RunTime:0.000389s ]
INFO: [ view_filter ] --END-- [ RunTime:0.000426s ]
INFO: [ app_end ] --START--
INFO: Run Behavior\ShowPageTrace [ RunTime:0.000577s ]
INFO: [ app_end ] --END-- [ RunTime:0.000618s ]

[ 2017-08-13T08:55:25+08:00 ] 127.0.0.1 /index.php?s=/Home/Article/lists/category/Notice.html
SQL: SHOW COLUMNS FROM `onethink_category` [ RunTime:0.006275s ]
SQL: SELECT `id`,`name`,`title`,`pid`,`sort`,`list_row`,`meta_title`,`keywords`,`description`,`template_index`,`template_lists`,`template_detail`,`template_edit`,`model`,`type`,`link_id`,`allow_publish`,`display`,`reply`,`check`,`reply_model`,`extend`,`create_time`,`update_time`,`status`,`icon` FROM `onethink_category` WHERE ( `name` = 'Notice' ) LIMIT 1   [ RunTime:0.000376s ]
SQL: SHOW COLUMNS FROM `onethink_document` [ RunTime:0.006339s ]
NOTIC: [2] Illegal offset type D:\phpStudy\wwwroot\Application\Home\Controller\ArticleController.class.php 第 37 行.

[ 2017-08-13T08:55:33+08:00 ] 127.0.0.1 /index.php?s=/Home/Article/lists/category/Notice.html
SQL: SHOW COLUMNS FROM `onethink_category` [ RunTime:0.006214s ]
SQL: SELECT `id`,`name`,`title`,`pid`,`sort`,`list_row`,`meta_title`,`keywords`,`description`,`template_index`,`template_lists`,`template_detail`,`template_edit`,`model`,`type`,`link_id`,`allow_publish`,`display`,`reply`,`check`,`reply_model`,`extend`,`create_time`,`update_time`,`status`,`icon` FROM `onethink_category` WHERE ( `name` = 'Notice' ) LIMIT 1   [ RunTime:0.000337s ]
SQL: SHOW COLUMNS FROM `onethink_document` [ RunTime:0.006179s ]
NOTIC: [2] Illegal offset type D:\phpStudy\wwwroot\Application\Home\Controller\ArticleController.class.php 第 37 行.
SQL: SELECT `id`,`uid`,`name`,`category_id`,`description`,`root`,`pid`,`model_id`,`type`,`position`,`link_id`,`cover_id`,`display`,`deadline`,`attach`,`view`,`comment`,`extend`,`level`,`create_time`,`update_time`,`status` FROM `onethink_document` INNER JOIN onethink_picture on onethink_document.cover_id=onethink_picture.id   [ RunTime:0.000216s ]
ERR: 1052:Column 'id' in field list is ambiguous
 [ SQL语句 ] : SELECT `id`,`uid`,`name`,`category_id`,`description`,`root`,`pid`,`model_id`,`type`,`position`,`link_id`,`cover_id`,`display`,`deadline`,`attach`,`view`,`comment`,`extend`,`level`,`create_time`,`update_time`,`status` FROM `onethink_document` INNER JOIN onethink_picture on onethink_document.cover_id=onethink_picture.id  
INFO: [ view_parse ] --START--
INFO: [ template_filter ] --START--
INFO: Run Behavior\ContentReplace [ RunTime:0.000088s ]
INFO: [ template_filter ] --END-- [ RunTime:0.000179s ]
INFO: Run Behavior\ParseTemplate [ RunTime:0.008783s ]
INFO: [ view_parse ] --END-- [ RunTime:0.008848s ]
INFO: [ view_filter ] --START--
INFO: Run Behavior\WriteHtmlCache [ RunTime:0.000331s ]
INFO: [ view_filter ] --END-- [ RunTime:0.000382s ]
INFO: [ app_end ] --START--
INFO: Run Behavior\ShowPageTrace [ RunTime:0.000531s ]
INFO: [ app_end ] --END-- [ RunTime:0.000580s ]

[ 2017-08-13T08:55:50+08:00 ] 127.0.0.1 /index.php?s=/Home/Article/lists/category/Notice.html
SQL: SHOW COLUMNS FROM `onethink_category` [ RunTime:0.006082s ]
SQL: SELECT `id`,`name`,`title`,`pid`,`sort`,`list_row`,`meta_title`,`keywords`,`description`,`template_index`,`template_lists`,`template_detail`,`template_edit`,`model`,`type`,`link_id`,`allow_publish`,`display`,`reply`,`check`,`reply_model`,`extend`,`create_time`,`update_time`,`status`,`icon` FROM `onethink_category` WHERE ( `name` = 'Notice' ) LIMIT 1   [ RunTime:0.000398s ]
SQL: SHOW COLUMNS FROM `onethink_document` [ RunTime:0.006224s ]
NOTIC: [2] Illegal offset type D:\phpStudy\wwwroot\Application\Home\Controller\ArticleController.class.php 第 37 行.
SQL: SELECT * FROM `onethink_document` INNER JOIN onethink_picture on onethink_document.cover_id=onethink_picture.id   [ RunTime:0.000403s ]
INFO: [ view_parse ] --START--
INFO: [ template_filter ] --START--
INFO: Run Behavior\ContentReplace [ RunTime:0.000057s ]
INFO: [ template_filter ] --END-- [ RunTime:0.000109s ]
INFO: Run Behavior\ParseTemplate [ RunTime:0.007863s ]
INFO: [ view_parse ] --END-- [ RunTime:0.007916s ]
INFO: [ view_filter ] --START--
INFO: Run Behavior\WriteHtmlCache [ RunTime:0.000281s ]
INFO: [ view_filter ] --END-- [ RunTime:0.000321s ]
INFO: [ app_end ] --START--
INFO: Run Behavior\ShowPageTrace [ RunTime:0.000494s ]
INFO: [ app_end ] --END-- [ RunTime:0.000538s ]

[ 2017-08-13T08:57:13+08:00 ] 127.0.0.1 /index.php?s=/Home/Article/lists/category/Notice.html
SQL: SHOW COLUMNS FROM `onethink_category` [ RunTime:0.006079s ]
SQL: SELECT `id`,`name`,`title`,`pid`,`sort`,`list_row`,`meta_title`,`keywords`,`description`,`template_index`,`template_lists`,`template_detail`,`template_edit`,`model`,`type`,`link_id`,`allow_publish`,`display`,`reply`,`check`,`reply_model`,`extend`,`create_time`,`update_time`,`status`,`icon` FROM `onethink_category` WHERE ( `name` = 'Notice' ) LIMIT 1   [ RunTime:0.000367s ]
SQL: SHOW COLUMNS FROM `onethink_document` [ RunTime:0.006420s ]
NOTIC: [2] Illegal offset type D:\phpStudy\wwwroot\Application\Home\Controller\ArticleController.class.php 第 37 行.
SQL: SELECT `id`,`uid`,`name`,`title`,`category_id`,`description`,`root`,`pid`,`model_id`,`type`,`position`,`link_id`,`cover_id`,`display`,`deadline`,`attach`,`view`,`comment`,`extend`,`level`,`create_time`,`update_time`,`status` FROM `onethink_document` INNER JOIN onethink_picture on onethink_document.cover_id=onethink_picture.id   [ RunTime:0.000245s ]
ERR: 1052:Column 'id' in field list is ambiguous
 [ SQL语句 ] : SELECT `id`,`uid`,`name`,`title`,`category_id`,`description`,`root`,`pid`,`model_id`,`type`,`position`,`link_id`,`cover_id`,`display`,`deadline`,`attach`,`view`,`comment`,`extend`,`level`,`create_time`,`update_time`,`status` FROM `onethink_document` INNER JOIN onethink_picture on onethink_document.cover_id=onethink_picture.id  
INFO: [ view_parse ] --START--
INFO: [ template_filter ] --START--
INFO: Run Behavior\ContentReplace [ RunTime:0.000053s ]
INFO: [ template_filter ] --END-- [ RunTime:0.000123s ]
INFO: Run Behavior\ParseTemplate [ RunTime:0.008338s ]
INFO: [ view_parse ] --END-- [ RunTime:0.008410s ]
INFO: [ view_filter ] --START--
INFO: Run Behavior\WriteHtmlCache [ RunTime:0.000275s ]
INFO: [ view_filter ] --END-- [ RunTime:0.000313s ]
INFO: [ app_end ] --START--
INFO: Run Behavior\ShowPageTrace [ RunTime:0.000489s ]
INFO: [ app_end ] --END-- [ RunTime:0.000532s ]

[ 2017-08-13T08:57:29+08:00 ] 127.0.0.1 /index.php?s=/Home/Article/lists/category/Notice.html
SQL: SHOW COLUMNS FROM `onethink_category` [ RunTime:0.006188s ]
SQL: SELECT `id`,`name`,`title`,`pid`,`sort`,`list_row`,`meta_title`,`keywords`,`description`,`template_index`,`template_lists`,`template_detail`,`template_edit`,`model`,`type`,`link_id`,`allow_publish`,`display`,`reply`,`check`,`reply_model`,`extend`,`create_time`,`update_time`,`status`,`icon` FROM `onethink_category` WHERE ( `name` = 'Notice' ) LIMIT 1   [ RunTime:0.000364s ]
SQL: SHOW COLUMNS FROM `onethink_document` [ RunTime:0.006871s ]
NOTIC: [2] Illegal offset type D:\phpStudy\wwwroot\Application\Home\Controller\ArticleController.class.php 第 37 行.

[ 2017-08-13T08:58:45+08:00 ] 127.0.0.1 /index.php?s=/Home/Article/lists/category/Notice.html
SQL: SHOW COLUMNS FROM `onethink_category` [ RunTime:0.005917s ]
SQL: SELECT `id`,`name`,`title`,`pid`,`sort`,`list_row`,`meta_title`,`keywords`,`description`,`template_index`,`template_lists`,`template_detail`,`template_edit`,`model`,`type`,`link_id`,`allow_publish`,`display`,`reply`,`check`,`reply_model`,`extend`,`create_time`,`update_time`,`status`,`icon` FROM `onethink_category` WHERE ( `name` = 'Notice' ) LIMIT 1   [ RunTime:0.000417s ]
SQL: SHOW COLUMNS FROM `onethink_document` [ RunTime:0.007610s ]
NOTIC: [2] Illegal offset type D:\phpStudy\wwwroot\Application\Home\Controller\ArticleController.class.php 第 37 行.

[ 2017-08-13T08:58:55+08:00 ] 127.0.0.1 /index.php?s=/Home/Article/lists/category/Notice.html
SQL: SHOW COLUMNS FROM `onethink_category` [ RunTime:0.006099s ]
SQL: SELECT `id`,`name`,`title`,`pid`,`sort`,`list_row`,`meta_title`,`keywords`,`description`,`template_index`,`template_lists`,`template_detail`,`template_edit`,`model`,`type`,`link_id`,`allow_publish`,`display`,`reply`,`check`,`reply_model`,`extend`,`create_time`,`update_time`,`status`,`icon` FROM `onethink_category` WHERE ( `name` = 'Notice' ) LIMIT 1   [ RunTime:0.000478s ]
SQL: SHOW COLUMNS FROM `onethink_document` [ RunTime:0.006607s ]
NOTIC: [2] Illegal offset type D:\phpStudy\wwwroot\Application\Home\Controller\ArticleController.class.php 第 37 行.
SQL: SELECT `id`,`uid`,`name`,`title`,`category_id`,`description`,`root`,`pid`,`model_id`,`type`,`position`,`link_id`,`cover_id`,`display`,`deadline`,`attach`,`view`,`comment`,`extend`,`level`,`create_time`,`update_time`,`status` FROM `onethink_document` INNER JOIN onethink_picture on onethink_document.cover_id=onethink_picture.id   [ RunTime:0.000205s ]
ERR: 1052:Column 'id' in field list is ambiguous
 [ SQL语句 ] : SELECT `id`,`uid`,`name`,`title`,`category_id`,`description`,`root`,`pid`,`model_id`,`type`,`position`,`link_id`,`cover_id`,`display`,`deadline`,`attach`,`view`,`comment`,`extend`,`level`,`create_time`,`update_time`,`status` FROM `onethink_document` INNER JOIN onethink_picture on onethink_document.cover_id=onethink_picture.id  

[ 2017-08-13T08:59:14+08:00 ] 127.0.0.1 /index.php?s=/Home/Article/lists/category/Notice.html
SQL: SHOW COLUMNS FROM `onethink_category` [ RunTime:0.006126s ]
SQL: SELECT `id`,`name`,`title`,`pid`,`sort`,`list_row`,`meta_title`,`keywords`,`description`,`template_index`,`template_lists`,`template_detail`,`template_edit`,`model`,`type`,`link_id`,`allow_publish`,`display`,`reply`,`check`,`reply_model`,`extend`,`create_time`,`update_time`,`status`,`icon` FROM `onethink_category` WHERE ( `name` = 'Notice' ) LIMIT 1   [ RunTime:0.000342s ]
SQL: SHOW COLUMNS FROM `onethink_document` [ RunTime:0.006740s ]
NOTIC: [2] Illegal offset type D:\phpStudy\wwwroot\Application\Home\Controller\ArticleController.class.php 第 37 行.
SQL: SELECT `id`,`uid`,`name`,`title`,`category_id`,`description`,`root`,`pid`,`model_id`,`type`,`position`,`link_id`,`cover_id`,`display`,`deadline`,`attach`,`view`,`comment`,`extend`,`level`,`create_time`,`update_time`,`status` FROM `onethink_document` INNER JOIN onethink_picture on onethink_document.cover_id=onethink_picture.id   [ RunTime:0.000231s ]
ERR: 1052:Column 'id' in field list is ambiguous
 [ SQL语句 ] : SELECT `id`,`uid`,`name`,`title`,`category_id`,`description`,`root`,`pid`,`model_id`,`type`,`position`,`link_id`,`cover_id`,`display`,`deadline`,`attach`,`view`,`comment`,`extend`,`level`,`create_time`,`update_time`,`status` FROM `onethink_document` INNER JOIN onethink_picture on onethink_document.cover_id=onethink_picture.id  
INFO: [ view_parse ] --START--
INFO: [ template_filter ] --START--
INFO: Run Behavior\ContentReplace [ RunTime:0.000051s ]
INFO: [ template_filter ] --END-- [ RunTime:0.000102s ]
INFO: Run Behavior\ParseTemplate [ RunTime:0.009368s ]
INFO: [ view_parse ] --END-- [ RunTime:0.009428s ]
INFO: [ view_filter ] --START--
INFO: Run Behavior\WriteHtmlCache [ RunTime:0.000433s ]
INFO: [ view_filter ] --END-- [ RunTime:0.000491s ]
INFO: [ app_end ] --START--
INFO: Run Behavior\ShowPageTrace [ RunTime:0.000813s ]
INFO: [ app_end ] --END-- [ RunTime:0.000891s ]

[ 2017-08-13T08:59:27+08:00 ] 127.0.0.1 /index.php?s=/Home/Article/lists/category/Notice.html
SQL: SHOW COLUMNS FROM `onethink_category` [ RunTime:0.006322s ]
SQL: SELECT `id`,`name`,`title`,`pid`,`sort`,`list_row`,`meta_title`,`keywords`,`description`,`template_index`,`template_lists`,`template_detail`,`template_edit`,`model`,`type`,`link_id`,`allow_publish`,`display`,`reply`,`check`,`reply_model`,`extend`,`create_time`,`update_time`,`status`,`icon` FROM `onethink_category` WHERE ( `name` = 'Notice' ) LIMIT 1   [ RunTime:0.000500s ]
SQL: SHOW COLUMNS FROM `onethink_document` [ RunTime:0.007308s ]
NOTIC: [2] Illegal offset type D:\phpStudy\wwwroot\Application\Home\Controller\ArticleController.class.php 第 37 行.
SQL: SELECT * FROM `onethink_document` INNER JOIN onethink_picture on onethink_document.cover_id=onethink_picture.id   [ RunTime:0.000389s ]
INFO: [ view_parse ] --START--
INFO: [ template_filter ] --START--
INFO: Run Behavior\ContentReplace [ RunTime:0.000084s ]
INFO: [ template_filter ] --END-- [ RunTime:0.000157s ]
INFO: Run Behavior\ParseTemplate [ RunTime:0.010687s ]
INFO: [ view_parse ] --END-- [ RunTime:0.010756s ]
INFO: [ view_filter ] --START--
INFO: Run Behavior\WriteHtmlCache [ RunTime:0.000362s ]
INFO: [ view_filter ] --END-- [ RunTime:0.000420s ]
INFO: [ app_end ] --START--
INFO: Run Behavior\ShowPageTrace [ RunTime:0.000656s ]
INFO: [ app_end ] --END-- [ RunTime:0.000719s ]

[ 2017-08-13T12:51:42+08:00 ] 127.0.0.1 /index.php?s=/home/Index/index.html
SQL: SHOW COLUMNS FROM `onethink_category` [ RunTime:0.006574s ]
SQL: SELECT `id`,`name`,`title`,`pid`,`sort`,`list_row`,`meta_title`,`keywords`,`description`,`template_index`,`template_lists`,`template_detail`,`template_edit`,`model`,`type`,`link_id`,`allow_publish`,`display`,`reply`,`check`,`reply_model`,`extend`,`create_time`,`update_time`,`status`,`icon` FROM `onethink_category` WHERE ( `status` = 1 ) ORDER BY sort  [ RunTime:0.000426s ]
SQL: SHOW COLUMNS FROM `onethink_document` [ RunTime:0.006860s ]
SQL: SELECT `id`,`uid`,`name`,`title`,`category_id`,`description`,`root`,`pid`,`model_id`,`type`,`position`,`link_id`,`cover_id`,`display`,`deadline`,`attach`,`view`,`comment`,`extend`,`level`,`create_time`,`update_time`,`status` FROM `onethink_document` WHERE ( `status` = 1 ) AND ( `pid` = 0 ) AND ( `create_time` < 1502599902 ) AND ( deadline = 0 OR deadline > 1502599902 ) ORDER BY `id` DESC  [ RunTime:0.000458s ]
INFO: [ view_parse ] --START--
INFO: [ template_filter ] --START--
INFO: Run Behavior\ContentReplace [ RunTime:0.000069s ]
INFO: [ template_filter ] --END-- [ RunTime:0.000130s ]
INFO: Run Behavior\ParseTemplate [ RunTime:0.021344s ]
INFO: [ view_parse ] --END-- [ RunTime:0.021399s ]
INFO: [ view_filter ] --START--
INFO: Run Behavior\WriteHtmlCache [ RunTime:0.000407s ]
INFO: [ view_filter ] --END-- [ RunTime:0.000447s ]
INFO: [ app_end ] --START--
INFO: Run Behavior\ShowPageTrace [ RunTime:0.000619s ]
INFO: [ app_end ] --END-- [ RunTime:0.000662s ]

[ 2017-08-13T12:51:54+08:00 ] 127.0.0.1 /index.php?s=/Home/User/login.html
INFO: [ view_parse ] --START--
INFO: [ template_filter ] --START--
INFO: Run Behavior\ContentReplace [ RunTime:0.000144s ]
INFO: [ template_filter ] --END-- [ RunTime:0.000243s ]
INFO: Run Behavior\ParseTemplate [ RunTime:0.009109s ]
INFO: [ view_parse ] --END-- [ RunTime:0.009828s ]
INFO: [ view_filter ] --START--
INFO: Run Behavior\WriteHtmlCache [ RunTime:0.000345s ]
INFO: [ view_filter ] --END-- [ RunTime:0.000387s ]
INFO: [ app_end ] --START--
INFO: Run Behavior\ShowPageTrace [ RunTime:0.000522s ]
INFO: [ app_end ] --END-- [ RunTime:0.000565s ]

[ 2017-08-13T12:51:54+08:00 ] 127.0.0.1 /index.php?s=/Home/User/verify.html
INFO: [ app_end ] --START--
INFO: Run Behavior\ShowPageTrace [ RunTime:0.000604s ]
INFO: [ app_end ] --END-- [ RunTime:0.001243s ]

[ 2017-08-13T12:52:07+08:00 ] 127.0.0.1 /index.php?s=/Home/User/login.html
INFO: [ view_parse ] --START--
INFO: [ template_filter ] --START--
INFO: Run Behavior\ContentReplace [ RunTime:0.000067s ]
INFO: [ template_filter ] --END-- [ RunTime:0.000126s ]
INFO: Run Behavior\ParseTemplate [ RunTime:0.007713s ]
INFO: [ view_parse ] --END-- [ RunTime:0.008307s ]
INFO: [ view_filter ] --START--
INFO: Run Behavior\WriteHtmlCache [ RunTime:0.000315s ]
INFO: [ view_filter ] --END-- [ RunTime:0.000357s ]
INFO: [ app_end ] --START--
INFO: Run Behavior\ShowPageTrace [ RunTime:0.000549s ]
INFO: [ app_end ] --END-- [ RunTime:0.000597s ]

[ 2017-08-13T12:52:07+08:00 ] 127.0.0.1 /index.php?s=/Home/User/verify.html
INFO: [ app_end ] --START--
INFO: Run Behavior\ShowPageTrace [ RunTime:0.000783s ]
INFO: [ app_end ] --END-- [ RunTime:0.001682s ]

[ 2017-08-13T12:52:13+08:00 ] 127.0.0.1 /index.php?s=/Home/User/login.html
INFO: [ view_parse ] --START--
INFO: [ template_filter ] --START--
INFO: Run Behavior\ContentReplace [ RunTime:0.000063s ]
INFO: [ template_filter ] --END-- [ RunTime:0.000120s ]
INFO: Run Behavior\ParseTemplate [ RunTime:0.007290s ]
INFO: [ view_parse ] --END-- [ RunTime:0.007872s ]
INFO: [ view_filter ] --START--
INFO: Run Behavior\WriteHtmlCache [ RunTime:0.000367s ]
INFO: [ view_filter ] --END-- [ RunTime:0.000410s ]
INFO: [ app_end ] --START--
INFO: Run Behavior\ShowPageTrace [ RunTime:0.000524s ]
INFO: [ app_end ] --END-- [ RunTime:0.000569s ]

[ 2017-08-13T12:52:13+08:00 ] 127.0.0.1 /index.php?s=/Home/User/verify.html
INFO: [ app_end ] --START--
INFO: Run Behavior\ShowPageTrace [ RunTime:0.001007s ]
INFO: [ app_end ] --END-- [ RunTime:0.002106s ]

[ 2017-08-13T12:52:14+08:00 ] 127.0.0.1 /index.php?s=/Home/User/login.html
INFO: [ view_parse ] --START--
INFO: [ template_filter ] --START--
INFO: Run Behavior\ContentReplace [ RunTime:0.000065s ]
INFO: [ template_filter ] --END-- [ RunTime:0.000114s ]
INFO: Run Behavior\ParseTemplate [ RunTime:0.006986s ]
INFO: [ view_parse ] --END-- [ RunTime:0.007581s ]
INFO: [ view_filter ] --START--
INFO: Run Behavior\WriteHtmlCache [ RunTime:0.000491s ]
INFO: [ view_filter ] --END-- [ RunTime:0.000583s ]
INFO: [ app_end ] --START--
INFO: Run Behavior\ShowPageTrace [ RunTime:0.000572s ]
INFO: [ app_end ] --END-- [ RunTime:0.000618s ]

[ 2017-08-13T12:52:14+08:00 ] 127.0.0.1 /index.php?s=/Home/User/verify.html
INFO: [ app_end ] --START--
INFO: Run Behavior\ShowPageTrace [ RunTime:0.000779s ]
INFO: [ app_end ] --END-- [ RunTime:0.001878s ]

[ 2017-08-13T12:52:15+08:00 ] 127.0.0.1 /index.php?s=/Home/User/login.html
INFO: [ view_parse ] --START--
INFO: [ template_filter ] --START--
INFO: Run Behavior\ContentReplace [ RunTime:0.000074s ]
INFO: [ template_filter ] --END-- [ RunTime:0.000133s ]
INFO: Run Behavior\ParseTemplate [ RunTime:0.008716s ]
INFO: [ view_parse ] --END-- [ RunTime:0.009498s ]
INFO: [ view_filter ] --START--
INFO: Run Behavior\WriteHtmlCache [ RunTime:0.000323s ]
INFO: [ view_filter ] --END-- [ RunTime:0.000363s ]
INFO: [ app_end ] --START--
INFO: Run Behavior\ShowPageTrace [ RunTime:0.000616s ]
INFO: [ app_end ] --END-- [ RunTime:0.000677s ]

[ 2017-08-13T12:52:15+08:00 ] 127.0.0.1 /index.php?s=/Home/User/verify.html
INFO: [ app_end ] --START--
INFO: Run Behavior\ShowPageTrace [ RunTime:0.000895s ]
INFO: [ app_end ] --END-- [ RunTime:0.001702s ]

[ 2017-08-13T12:53:16+08:00 ] 127.0.0.1 /index.php?s=/Home/User/login.html
INFO: [ view_parse ] --START--
INFO: [ template_filter ] --START--
INFO: Run Behavior\ContentReplace [ RunTime:0.000066s ]
INFO: [ template_filter ] --END-- [ RunTime:0.000121s ]
INFO: Run Behavior\ParseTemplate [ RunTime:0.008945s ]
INFO: [ view_parse ] --END-- [ RunTime:0.009694s ]
INFO: [ view_filter ] --START--
INFO: Run Behavior\WriteHtmlCache [ RunTime:0.000277s ]
INFO: [ view_filter ] --END-- [ RunTime:0.000314s ]
INFO: [ app_end ] --START--
INFO: Run Behavior\ShowPageTrace [ RunTime:0.000499s ]
INFO: [ app_end ] --END-- [ RunTime:0.000541s ]

[ 2017-08-13T12:53:16+08:00 ] 127.0.0.1 /index.php?s=/Home/User/verify.html
INFO: [ app_end ] --START--
INFO: Run Behavior\ShowPageTrace [ RunTime:0.000807s ]
INFO: [ app_end ] --END-- [ RunTime:0.001752s ]

[ 2017-08-13T12:53:20+08:00 ] 127.0.0.1 /index.php?s=/Home/User/login.html
INFO: [ view_parse ] --START--
INFO: [ template_filter ] --START--
INFO: Run Behavior\ContentReplace [ RunTime:0.000103s ]
INFO: [ template_filter ] --END-- [ RunTime:0.000226s ]
INFO: Run Behavior\ParseTemplate [ RunTime:0.012184s ]
INFO: [ view_parse ] --END-- [ RunTime:0.014742s ]
INFO: [ view_filter ] --START--
INFO: Run Behavior\WriteHtmlCache [ RunTime:0.000313s ]
INFO: [ view_filter ] --END-- [ RunTime:0.000352s ]
INFO: [ app_end ] --START--
INFO: Run Behavior\ShowPageTrace [ RunTime:0.000515s ]
INFO: [ app_end ] --END-- [ RunTime:0.000574s ]

[ 2017-08-13T12:53:20+08:00 ] 127.0.0.1 /index.php?s=/Home/User/verify.html
INFO: [ app_end ] --START--
INFO: Run Behavior\ShowPageTrace [ RunTime:0.000796s ]
INFO: [ app_end ] --END-- [ RunTime:0.001654s ]

[ 2017-08-13T12:53:21+08:00 ] 127.0.0.1 /index.php?s=/Home/User/login.html
INFO: [ view_parse ] --START--
INFO: [ template_filter ] --START--
INFO: Run Behavior\ContentReplace [ RunTime:0.000064s ]
INFO: [ template_filter ] --END-- [ RunTime:0.000118s ]
INFO: Run Behavior\ParseTemplate [ RunTime:0.006805s ]
INFO: [ view_parse ] --END-- [ RunTime:0.007422s ]
INFO: [ view_filter ] --START--
INFO: Run Behavior\WriteHtmlCache [ RunTime:0.000272s ]
INFO: [ view_filter ] --END-- [ RunTime:0.000311s ]
INFO: [ app_end ] --START--
INFO: Run Behavior\ShowPageTrace [ RunTime:0.000473s ]
INFO: [ app_end ] --END-- [ RunTime:0.000515s ]

[ 2017-08-13T12:53:21+08:00 ] 127.0.0.1 /index.php?s=/Home/User/verify.html
INFO: [ app_end ] --START--
INFO: Run Behavior\ShowPageTrace [ RunTime:0.000943s ]
INFO: [ app_end ] --END-- [ RunTime:0.001915s ]

[ 2017-08-13T12:53:34+08:00 ] 127.0.0.1 /Home/User/login.html
INFO: [ view_parse ] --START--
INFO: [ template_filter ] --START--
INFO: Run Behavior\ContentReplace [ RunTime:0.000117s ]
INFO: [ template_filter ] --END-- [ RunTime:0.000206s ]
INFO: Run Behavior\ParseTemplate [ RunTime:0.010386s ]
INFO: [ view_parse ] --END-- [ RunTime:0.011140s ]
INFO: [ view_filter ] --START--
INFO: Run Behavior\WriteHtmlCache [ RunTime:0.000466s ]
INFO: [ view_filter ] --END-- [ RunTime:0.000529s ]
INFO: [ app_end ] --START--
INFO: Run Behavior\ShowPageTrace [ RunTime:0.000760s ]
INFO: [ app_end ] --END-- [ RunTime:0.000827s ]

[ 2017-08-13T12:53:34+08:00 ] 127.0.0.1 /index.php?s=/Home/User/verify.html
INFO: [ app_end ] --START--
INFO: Run Behavior\ShowPageTrace [ RunTime:0.000940s ]
INFO: [ app_end ] --END-- [ RunTime:0.001861s ]

[ 2017-08-13T12:53:39+08:00 ] 127.0.0.1 /Home/User/login.html
INFO: [ view_parse ] --START--
INFO: [ template_filter ] --START--
INFO: Run Behavior\ContentReplace [ RunTime:0.000126s ]
INFO: [ template_filter ] --END-- [ RunTime:0.000227s ]
INFO: Run Behavior\ParseTemplate [ RunTime:0.010224s ]
INFO: [ view_parse ] --END-- [ RunTime:0.010874s ]
INFO: [ view_filter ] --START--
INFO: Run Behavior\WriteHtmlCache [ RunTime:0.000418s ]
INFO: [ view_filter ] --END-- [ RunTime:0.000485s ]
INFO: [ app_end ] --START--
INFO: Run Behavior\ShowPageTrace [ RunTime:0.000727s ]
INFO: [ app_end ] --END-- [ RunTime:0.000797s ]

[ 2017-08-13T12:53:39+08:00 ] 127.0.0.1 /index.php?s=/Home/User/verify.html
INFO: [ app_end ] --START--
INFO: Run Behavior\ShowPageTrace [ RunTime:0.001064s ]
INFO: [ app_end ] --END-- [ RunTime:0.001985s ]

[ 2017-08-13T12:53:41+08:00 ] 127.0.0.1 /Home/User/login.html
INFO: [ view_parse ] --START--
INFO: [ template_filter ] --START--
INFO: Run Behavior\ContentReplace [ RunTime:0.000066s ]
INFO: [ template_filter ] --END-- [ RunTime:0.000121s ]
INFO: Run Behavior\ParseTemplate [ RunTime:0.006949s ]
INFO: [ view_parse ] --END-- [ RunTime:0.007527s ]
INFO: [ view_filter ] --START--
INFO: Run Behavior\WriteHtmlCache [ RunTime:0.000283s ]
INFO: [ view_filter ] --END-- [ RunTime:0.000321s ]
INFO: [ app_end ] --START--
INFO: Run Behavior\ShowPageTrace [ RunTime:0.000521s ]
INFO: [ app_end ] --END-- [ RunTime:0.000584s ]

[ 2017-08-13T12:53:41+08:00 ] 127.0.0.1 /index.php?s=/Home/User/verify.html
INFO: [ app_end ] --START--
INFO: Run Behavior\ShowPageTrace [ RunTime:0.001416s ]
INFO: [ app_end ] --END-- [ RunTime:0.002956s ]

[ 2017-08-13T12:53:43+08:00 ] 127.0.0.1 /Home/User/login.html
INFO: [ view_parse ] --START--
INFO: [ template_filter ] --START--
INFO: Run Behavior\ContentReplace [ RunTime:0.000066s ]
INFO: [ template_filter ] --END-- [ RunTime:0.000121s ]
INFO: Run Behavior\ParseTemplate [ RunTime:0.008173s ]
INFO: [ view_parse ] --END-- [ RunTime:0.008781s ]
INFO: [ view_filter ] --START--
INFO: Run Behavior\WriteHtmlCache [ RunTime:0.000380s ]
INFO: [ view_filter ] --END-- [ RunTime:0.000420s ]
INFO: [ app_end ] --START--
INFO: Run Behavior\ShowPageTrace [ RunTime:0.000596s ]
INFO: [ app_end ] --END-- [ RunTime:0.000649s ]

[ 2017-08-13T12:53:43+08:00 ] 127.0.0.1 /index.php?s=/Home/User/verify.html
INFO: [ app_end ] --START--
INFO: Run Behavior\ShowPageTrace [ RunTime:0.000861s ]
INFO: [ app_end ] --END-- [ RunTime:0.001720s ]

[ 2017-08-13T12:56:36+08:00 ] 127.0.0.1 /Home/User/login.html
INFO: [ view_parse ] --START--
INFO: [ template_filter ] --START--
INFO: Run Behavior\ContentReplace [ RunTime:0.000068s ]
INFO: [ template_filter ] --END-- [ RunTime:0.000126s ]
INFO: Run Behavior\ParseTemplate [ RunTime:0.011003s ]
INFO: [ view_parse ] --END-- [ RunTime:0.013737s ]
INFO: [ view_filter ] --START--
INFO: Run Behavior\WriteHtmlCache [ RunTime:0.001376s ]
INFO: [ view_filter ] --END-- [ RunTime:0.001579s ]
INFO: [ app_end ] --START--
INFO: Run Behavior\ShowPageTrace [ RunTime:0.002219s ]
INFO: [ app_end ] --END-- [ RunTime:0.002409s ]

[ 2017-08-13T12:56:36+08:00 ] 127.0.0.1 /index.php?s=/Home/User/verify.html
INFO: [ app_end ] --START--
INFO: Run Behavior\ShowPageTrace [ RunTime:0.000772s ]
INFO: [ app_end ] --END-- [ RunTime:0.001586s ]

[ 2017-08-13T12:56:45+08:00 ] 127.0.0.1 /Home/User/login
INFO: [ view_parse ] --START--
INFO: [ template_filter ] --START--
INFO: Run Behavior\ContentReplace [ RunTime:0.000115s ]
INFO: [ template_filter ] --END-- [ RunTime:0.000221s ]
INFO: Run Behavior\ParseTemplate [ RunTime:0.010709s ]
INFO: [ view_parse ] --END-- [ RunTime:0.011475s ]
INFO: [ view_filter ] --START--
INFO: Run Behavior\WriteHtmlCache [ RunTime:0.000570s ]
INFO: [ view_filter ] --END-- [ RunTime:0.000655s ]
INFO: [ app_end ] --START--
INFO: Run Behavior\ShowPageTrace [ RunTime:0.002096s ]
INFO: [ app_end ] --END-- [ RunTime:0.002263s ]

[ 2017-08-13T12:56:45+08:00 ] 127.0.0.1 /index.php?s=/Home/User/verify.html
INFO: [ app_end ] --START--
INFO: Run Behavior\ShowPageTrace [ RunTime:0.001028s ]
INFO: [ app_end ] --END-- [ RunTime:0.002144s ]

[ 2017-08-13T12:56:49+08:00 ] 127.0.0.1 /Home/User/login
INFO: [ view_parse ] --START--
INFO: [ template_filter ] --START--
INFO: Run Behavior\ContentReplace [ RunTime:0.000105s ]
INFO: [ template_filter ] --END-- [ RunTime:0.000190s ]
INFO: Run Behavior\ParseTemplate [ RunTime:0.010858s ]
INFO: [ view_parse ] --END-- [ RunTime:0.011620s ]
INFO: [ view_filter ] --START--
INFO: Run Behavior\WriteHtmlCache [ RunTime:0.000405s ]
INFO: [ view_filter ] --END-- [ RunTime:0.000469s ]
INFO: [ app_end ] --START--
INFO: Run Behavior\ShowPageTrace [ RunTime:0.000755s ]
INFO: [ app_end ] --END-- [ RunTime:0.000825s ]

[ 2017-08-13T12:56:49+08:00 ] 127.0.0.1 /index.php?s=/Home/User/verify.html
INFO: [ app_end ] --START--
INFO: Run Behavior\ShowPageTrace [ RunTime:0.000691s ]
INFO: [ app_end ] --END-- [ RunTime:0.001375s ]

[ 2017-08-13T12:56:50+08:00 ] 127.0.0.1 /Home/User/login
INFO: [ view_parse ] --START--
INFO: [ template_filter ] --START--
INFO: Run Behavior\ContentReplace [ RunTime:0.000069s ]
INFO: [ template_filter ] --END-- [ RunTime:0.000127s ]
INFO: Run Behavior\ParseTemplate [ RunTime:0.008844s ]
INFO: [ view_parse ] --END-- [ RunTime:0.009366s ]
INFO: [ view_filter ] --START--
INFO: Run Behavior\WriteHtmlCache [ RunTime:0.000332s ]
INFO: [ view_filter ] --END-- [ RunTime:0.000374s ]
INFO: [ app_end ] --START--
INFO: Run Behavior\ShowPageTrace [ RunTime:0.000535s ]
INFO: [ app_end ] --END-- [ RunTime:0.000581s ]

[ 2017-08-13T12:56:50+08:00 ] 127.0.0.1 /index.php?s=/Home/User/verify.html
INFO: [ app_end ] --START--
INFO: Run Behavior\ShowPageTrace [ RunTime:0.000791s ]
INFO: [ app_end ] --END-- [ RunTime:0.001606s ]

[ 2017-08-13T12:56:51+08:00 ] 127.0.0.1 /Home/User/login
INFO: [ view_parse ] --START--
INFO: [ template_filter ] --START--
INFO: Run Behavior\ContentReplace [ RunTime:0.000072s ]
INFO: [ template_filter ] --END-- [ RunTime:0.000140s ]
INFO: Run Behavior\ParseTemplate [ RunTime:0.010749s ]
INFO: [ view_parse ] --END-- [ RunTime:0.011263s ]
INFO: [ view_filter ] --START--
INFO: Run Behavior\WriteHtmlCache [ RunTime:0.000310s ]
INFO: [ view_filter ] --END-- [ RunTime:0.000350s ]
INFO: [ app_end ] --START--
INFO: Run Behavior\ShowPageTrace [ RunTime:0.000496s ]
INFO: [ app_end ] --END-- [ RunTime:0.000540s ]

[ 2017-08-13T12:56:51+08:00 ] 127.0.0.1 /index.php?s=/Home/User/verify.html
INFO: [ app_end ] --START--
INFO: Run Behavior\ShowPageTrace [ RunTime:0.000755s ]
INFO: [ app_end ] --END-- [ RunTime:0.001379s ]

[ 2017-08-13T13:01:03+08:00 ] 127.0.0.1 /Home/User/login
INFO: [ view_parse ] --START--
INFO: [ template_filter ] --START--
INFO: Run Behavior\ContentReplace [ RunTime:0.000068s ]
INFO: [ template_filter ] --END-- [ RunTime:0.000129s ]
INFO: Run Behavior\ParseTemplate [ RunTime:0.020974s ]
INFO: [ view_parse ] --END-- [ RunTime:0.021643s ]
INFO: [ view_filter ] --START--
INFO: Run Behavior\WriteHtmlCache [ RunTime:0.003337s ]
INFO: [ view_filter ] --END-- [ RunTime:0.003419s ]
INFO: [ app_end ] --START--
INFO: Run Behavior\ShowPageTrace [ RunTime:0.000896s ]
INFO: [ app_end ] --END-- [ RunTime:0.000964s ]

[ 2017-08-13T13:01:03+08:00 ] 127.0.0.1 /index.php?s=/Home/User/verify.html
INFO: [ app_end ] --START--
INFO: Run Behavior\ShowPageTrace [ RunTime:0.000741s ]
INFO: [ app_end ] --END-- [ RunTime:0.001513s ]

[ 2017-08-13T13:01:06+08:00 ] 127.0.0.1 /index.php?s=/Home/User/verify.html
INFO: [ app_end ] --START--
INFO: Run Behavior\ShowPageTrace [ RunTime:0.000883s ]
INFO: [ app_end ] --END-- [ RunTime:0.001831s ]

[ 2017-08-13T13:01:07+08:00 ] 127.0.0.1 /index.php?s=/Home/User/verify.html
INFO: [ app_end ] --START--
INFO: Run Behavior\ShowPageTrace [ RunTime:0.002523s ]
INFO: [ app_end ] --END-- [ RunTime:0.003647s ]

[ 2017-08-13T13:01:11+08:00 ] 127.0.0.1 /index.php?s=/Home/User/verify.html
INFO: [ app_end ] --START--
INFO: Run Behavior\ShowPageTrace [ RunTime:0.001725s ]
INFO: [ app_end ] --END-- [ RunTime:0.002761s ]

[ 2017-08-13T13:01:13+08:00 ] 127.0.0.1 /index.php?s=/Home/User/verify.html
INFO: [ app_end ] --START--
INFO: Run Behavior\ShowPageTrace [ RunTime:0.000830s ]
INFO: [ app_end ] --END-- [ RunTime:0.001658s ]

[ 2017-08-13T13:01:25+08:00 ] 127.0.0.1 /index.php?s=/Home/User/verify.html
INFO: [ app_end ] --START--
INFO: Run Behavior\ShowPageTrace [ RunTime:0.000899s ]
INFO: [ app_end ] --END-- [ RunTime:0.002546s ]

[ 2017-08-13T13:02:09+08:00 ] 127.0.0.1 /Home/User/login
INFO: [ view_parse ] --START--
INFO: [ template_filter ] --START--
INFO: Run Behavior\ContentReplace [ RunTime:0.000080s ]
INFO: [ template_filter ] --END-- [ RunTime:0.000146s ]
INFO: Run Behavior\ParseTemplate [ RunTime:0.008925s ]
INFO: [ view_parse ] --END-- [ RunTime:0.009657s ]
INFO: [ view_filter ] --START--
INFO: Run Behavior\WriteHtmlCache [ RunTime:0.001670s ]
INFO: [ view_filter ] --END-- [ RunTime:0.001744s ]
INFO: [ app_end ] --START--
INFO: Run Behavior\ShowPageTrace [ RunTime:0.000782s ]
INFO: [ app_end ] --END-- [ RunTime:0.000855s ]

[ 2017-08-13T13:02:09+08:00 ] 127.0.0.1 /index.php?s=/Home/User/verify.html
INFO: [ app_end ] --START--
INFO: Run Behavior\ShowPageTrace [ RunTime:0.000856s ]
INFO: [ app_end ] --END-- [ RunTime:0.001718s ]

[ 2017-08-13T13:02:12+08:00 ] 127.0.0.1 /index.php?s=/Home/User/verify.html
INFO: [ app_end ] --START--
INFO: Run Behavior\ShowPageTrace [ RunTime:0.001079s ]
INFO: [ app_end ] --END-- [ RunTime:0.003032s ]

[ 2017-08-13T13:02:21+08:00 ] 127.0.0.1 /index.php?s=/Home/User/verify.html&random=0.8633576320451628
INFO: [ app_end ] --START--
INFO: Run Behavior\ShowPageTrace [ RunTime:0.000636s ]
INFO: [ app_end ] --END-- [ RunTime:0.001266s ]

[ 2017-08-13T13:02:21+08:00 ] 127.0.0.1 /index.php?s=/Home/User/verify.html&random=0.8933196826583354
INFO: [ app_end ] --START--
INFO: Run Behavior\ShowPageTrace [ RunTime:0.000492s ]
INFO: [ app_end ] --END-- [ RunTime:0.000902s ]

[ 2017-08-13T13:02:22+08:00 ] 127.0.0.1 /index.php?s=/Home/User/verify.html&random=0.22859880878316075
INFO: [ app_end ] --START--
INFO: Run Behavior\ShowPageTrace [ RunTime:0.000503s ]
INFO: [ app_end ] --END-- [ RunTime:0.001041s ]

[ 2017-08-13T13:02:25+08:00 ] 127.0.0.1 /index.php?s=/Home/User/verify.html
INFO: [ app_end ] --START--
INFO: Run Behavior\ShowPageTrace [ RunTime:0.000820s ]
INFO: [ app_end ] --END-- [ RunTime:0.001683s ]

[ 2017-08-13T13:02:34+08:00 ] 127.0.0.1 /index.php?s=/Home/User/verify.html
INFO: [ app_end ] --START--
INFO: Run Behavior\ShowPageTrace [ RunTime:0.000962s ]
INFO: [ app_end ] --END-- [ RunTime:0.002041s ]

